module.js:327
    throw err;
    ^

Error: Cannot find module '/home/cliffhanger/bundle/main.js'
    at Function.Module._resolveFilename (module.js:325:15)
    at Function.Module._load (module.js:276:25)
    at Function.Module.runMain (module.js:441:10)
    at startup (node.js:140:18)
    at node.js:1043:3
module.js:327
    throw err;
    ^

Error: Cannot find module '/home/cliffhanger/bundle/main.js'
    at Function.Module._resolveFilename (module.js:325:15)
    at Function.Module._load (module.js:276:25)
    at Function.Module.runMain (module.js:441:10)
    at startup (node.js:140:18)
    at node.js:1043:3
module.js:327
    throw err;
    ^

Error: Cannot find module '/home/cliffhanger/bundle/main.js'
    at Function.Module._resolveFilename (module.js:325:15)
    at Function.Module._load (module.js:276:25)
    at Function.Module.runMain (module.js:441:10)
    at startup (node.js:140:18)
    at node.js:1043:3
module.js:327
    throw err;
    ^

Error: Cannot find module '/home/cliffhanger/bundle/main.js'
    at Function.Module._resolveFilename (module.js:325:15)
    at Function.Module._load (module.js:276:25)
    at Function.Module.runMain (module.js:441:10)
    at startup (node.js:140:18)
    at node.js:1043:3
module.js:327
    throw err;
    ^

Error: Cannot find module '/home/cliffhanger/bundle/main.js'
    at Function.Module._resolveFilename (module.js:325:15)
    at Function.Module._load (module.js:276:25)
    at Function.Module.runMain (module.js:441:10)
    at startup (node.js:140:18)
    at node.js:1043:3
module.js:327
    throw err;
    ^

Error: Cannot find module '/home/cliffhanger/bundle/main.js'
    at Function.Module._resolveFilename (module.js:325:15)
    at Function.Module._load (module.js:276:25)
    at Function.Module.runMain (module.js:441:10)
    at startup (node.js:140:18)
    at node.js:1043:3
module.js:327
    throw err;
    ^

Error: Cannot find module '/home/cliffhanger/bundle/main.js'
    at Function.Module._resolveFilename (module.js:325:15)
    at Function.Module._load (module.js:276:25)
    at Function.Module.runMain (module.js:441:10)
    at startup (node.js:140:18)
    at node.js:1043:3
module.js:327
    throw err;
    ^

Error: Cannot find module '/home/cliffhanger/bundle/main.js'
    at Function.Module._resolveFilename (module.js:325:15)
    at Function.Module._load (module.js:276:25)
    at Function.Module.runMain (module.js:441:10)
    at startup (node.js:140:18)
    at node.js:1043:3
module.js:327
    throw err;
    ^

Error: Cannot find module '/home/cliffhanger/bundle/main.js'
    at Function.Module._resolveFilename (module.js:325:15)
    at Function.Module._load (module.js:276:25)
    at Function.Module.runMain (module.js:441:10)
    at startup (node.js:140:18)
    at node.js:1043:3
module.js:327
    throw err;
    ^

Error: Cannot find module '/home/cliffhanger/bundle/main.js'
    at Function.Module._resolveFilename (module.js:325:15)
    at Function.Module._load (module.js:276:25)
    at Function.Module.runMain (module.js:441:10)
    at startup (node.js:140:18)
    at node.js:1043:3
module.js:327
    throw err;
    ^

Error: Cannot find module '/home/cliffhanger/bundle/main.js'
    at Function.Module._resolveFilename (module.js:325:15)
    at Function.Module._load (module.js:276:25)
    at Function.Module.runMain (module.js:441:10)
    at startup (node.js:140:18)
    at node.js:1043:3
module.js:327
    throw err;
    ^

Error: Cannot find module '/home/cliffhanger/bundle/main.js'
    at Function.Module._resolveFilename (module.js:325:15)
    at Function.Module._load (module.js:276:25)
    at Function.Module.runMain (module.js:441:10)
    at startup (node.js:140:18)
    at node.js:1043:3
module.js:327
    throw err;
    ^

Error: Cannot find module '/home/cliffhanger/bundle/main.js'
    at Function.Module._resolveFilename (module.js:325:15)
    at Function.Module._load (module.js:276:25)
    at Function.Module.runMain (module.js:441:10)
    at startup (node.js:140:18)
    at node.js:1043:3
module.js:327
    throw err;
    ^

Error: Cannot find module '/home/cliffhanger/bundle/main.js'
    at Function.Module._resolveFilename (module.js:325:15)
    at Function.Module._load (module.js:276:25)
    at Function.Module.runMain (module.js:441:10)
    at startup (node.js:140:18)
    at node.js:1043:3
module.js:327
    throw err;
    ^

Error: Cannot find module '/home/cliffhanger/bundle/main.js'
    at Function.Module._resolveFilename (module.js:325:15)
    at Function.Module._load (module.js:276:25)
    at Function.Module.runMain (module.js:441:10)
    at startup (node.js:140:18)
    at node.js:1043:3
module.js:327
    throw err;
    ^

Error: Cannot find module '/home/cliffhanger/bundle/main.js'
    at Function.Module._resolveFilename (module.js:325:15)
    at Function.Module._load (module.js:276:25)
    at Function.Module.runMain (module.js:441:10)
    at startup (node.js:140:18)
    at node.js:1043:3
module.js:327
    throw err;
    ^

Error: Cannot find module '/home/cliffhanger/bundle/main.js'
    at Function.Module._resolveFilename (module.js:325:15)
    at Function.Module._load (module.js:276:25)
    at Function.Module.runMain (module.js:441:10)
    at startup (node.js:140:18)
    at node.js:1043:3
module.js:327
    throw err;
    ^

Error: Cannot find module '/home/cliffhanger/bundle/main.js'
    at Function.Module._resolveFilename (module.js:325:15)
    at Function.Module._load (module.js:276:25)
    at Function.Module.runMain (module.js:441:10)
    at startup (node.js:140:18)
    at node.js:1043:3
module.js:327
    throw err;
    ^

Error: Cannot find module '/home/cliffhanger/bundle/main.js'
    at Function.Module._resolveFilename (module.js:325:15)
    at Function.Module._load (module.js:276:25)
    at Function.Module.runMain (module.js:441:10)
    at startup (node.js:140:18)
    at node.js:1043:3
module.js:327
    throw err;
    ^

Error: Cannot find module '/home/cliffhanger/bundle/main.js'
    at Function.Module._resolveFilename (module.js:325:15)
    at Function.Module._load (module.js:276:25)
    at Function.Module.runMain (module.js:441:10)
    at startup (node.js:140:18)
    at node.js:1043:3
module.js:327
    throw err;
    ^

Error: Cannot find module '/home/cliffhanger/bundle/main.js'
    at Function.Module._resolveFilename (module.js:325:15)
    at Function.Module._load (module.js:276:25)
    at Function.Module.runMain (module.js:441:10)
    at startup (node.js:140:18)
    at node.js:1043:3
module.js:327
    throw err;
    ^

Error: Cannot find module '/home/cliffhanger/bundle/main.js'
    at Function.Module._resolveFilename (module.js:325:15)
    at Function.Module._load (module.js:276:25)
    at Function.Module.runMain (module.js:441:10)
    at startup (node.js:140:18)
    at node.js:1043:3
module.js:327
    throw err;
    ^

Error: Cannot find module '/home/cliffhanger/bundle/main.js'
    at Function.Module._resolveFilename (module.js:325:15)
    at Function.Module._load (module.js:276:25)
    at Function.Module.runMain (module.js:441:10)
    at startup (node.js:140:18)
    at node.js:1043:3
module.js:327
    throw err;
    ^

Error: Cannot find module '/home/cliffhanger/bundle/main.js'
    at Function.Module._resolveFilename (module.js:325:15)
    at Function.Module._load (module.js:276:25)
    at Function.Module.runMain (module.js:441:10)
    at startup (node.js:140:18)
    at node.js:1043:3
module.js:327
    throw err;
    ^

Error: Cannot find module '/home/cliffhanger/bundle/main.js'
    at Function.Module._resolveFilename (module.js:325:15)
    at Function.Module._load (module.js:276:25)
    at Function.Module.runMain (module.js:441:10)
    at startup (node.js:140:18)
    at node.js:1043:3
module.js:327
    throw err;
    ^

Error: Cannot find module '/home/cliffhanger/bundle/main.js'
    at Function.Module._resolveFilename (module.js:325:15)
    at Function.Module._load (module.js:276:25)
    at Function.Module.runMain (module.js:441:10)
    at startup (node.js:140:18)
    at node.js:1043:3
module.js:327
    throw err;
    ^

Error: Cannot find module '/home/cliffhanger/bundle/main.js'
    at Function.Module._resolveFilename (module.js:325:15)
    at Function.Module._load (module.js:276:25)
    at Function.Module.runMain (module.js:441:10)
    at startup (node.js:140:18)
    at node.js:1043:3
module.js:327
    throw err;
    ^

Error: Cannot find module '/home/cliffhanger/bundle/main.js'
    at Function.Module._resolveFilename (module.js:325:15)
    at Function.Module._load (module.js:276:25)
    at Function.Module.runMain (module.js:441:10)
    at startup (node.js:140:18)
    at node.js:1043:3
module.js:327
    throw err;
    ^

Error: Cannot find module '/home/cliffhanger/bundle/main.js'
    at Function.Module._resolveFilename (module.js:325:15)
    at Function.Module._load (module.js:276:25)
    at Function.Module.runMain (module.js:441:10)
    at startup (node.js:140:18)
    at node.js:1043:3
module.js:327
    throw err;
    ^

Error: Cannot find module '/home/cliffhanger/bundle/main.js'
    at Function.Module._resolveFilename (module.js:325:15)
    at Function.Module._load (module.js:276:25)
    at Function.Module.runMain (module.js:441:10)
    at startup (node.js:140:18)
    at node.js:1043:3
module.js:327
    throw err;
    ^

Error: Cannot find module '/home/cliffhanger/bundle/main.js'
    at Function.Module._resolveFilename (module.js:325:15)
    at Function.Module._load (module.js:276:25)
    at Function.Module.runMain (module.js:441:10)
    at startup (node.js:140:18)
    at node.js:1043:3
module.js:327
    throw err;
    ^

Error: Cannot find module '/home/cliffhanger/bundle/main.js'
    at Function.Module._resolveFilename (module.js:325:15)
    at Function.Module._load (module.js:276:25)
    at Function.Module.runMain (module.js:441:10)
    at startup (node.js:140:18)
    at node.js:1043:3
module.js:327
    throw err;
    ^

Error: Cannot find module '/home/cliffhanger/bundle/main.js'
    at Function.Module._resolveFilename (module.js:325:15)
    at Function.Module._load (module.js:276:25)
    at Function.Module.runMain (module.js:441:10)
    at startup (node.js:140:18)
    at node.js:1043:3
module.js:327
    throw err;
    ^

Error: Cannot find module '/home/cliffhanger/bundle/main.js'
    at Function.Module._resolveFilename (module.js:325:15)
    at Function.Module._load (module.js:276:25)
    at Function.Module.runMain (module.js:441:10)
    at startup (node.js:140:18)
    at node.js:1043:3
module.js:327
    throw err;
    ^

Error: Cannot find module '/home/cliffhanger/bundle/main.js'
    at Function.Module._resolveFilename (module.js:325:15)
    at Function.Module._load (module.js:276:25)
    at Function.Module.runMain (module.js:441:10)
    at startup (node.js:140:18)
    at node.js:1043:3
module.js:327
    throw err;
    ^

Error: Cannot find module '/home/cliffhanger/bundle/main.js'
    at Function.Module._resolveFilename (module.js:325:15)
    at Function.Module._load (module.js:276:25)
    at Function.Module.runMain (module.js:441:10)
    at startup (node.js:140:18)
    at node.js:1043:3
module.js:327
    throw err;
    ^

Error: Cannot find module '/home/cliffhanger/bundle/main.js'
    at Function.Module._resolveFilename (module.js:325:15)
    at Function.Module._load (module.js:276:25)
    at Function.Module.runMain (module.js:441:10)
    at startup (node.js:140:18)
    at node.js:1043:3
module.js:327
    throw err;
    ^

Error: Cannot find module '/home/cliffhanger/bundle/main.js'
    at Function.Module._resolveFilename (module.js:325:15)
    at Function.Module._load (module.js:276:25)
    at Function.Module.runMain (module.js:441:10)
    at startup (node.js:140:18)
    at node.js:1043:3
module.js:327
    throw err;
    ^

Error: Cannot find module '/home/cliffhanger/bundle/main.js'
    at Function.Module._resolveFilename (module.js:325:15)
    at Function.Module._load (module.js:276:25)
    at Function.Module.runMain (module.js:441:10)
    at startup (node.js:140:18)
    at node.js:1043:3
module.js:327
    throw err;
    ^

Error: Cannot find module '/home/cliffhanger/bundle/main.js'
    at Function.Module._resolveFilename (module.js:325:15)
    at Function.Module._load (module.js:276:25)
    at Function.Module.runMain (module.js:441:10)
    at startup (node.js:140:18)
    at node.js:1043:3
module.js:327
    throw err;
    ^

Error: Cannot find module '/home/cliffhanger/bundle/main.js'
    at Function.Module._resolveFilename (module.js:325:15)
    at Function.Module._load (module.js:276:25)
    at Function.Module.runMain (module.js:441:10)
    at startup (node.js:140:18)
    at node.js:1043:3
module.js:327
    throw err;
    ^

Error: Cannot find module '/home/cliffhanger/bundle/main.js'
    at Function.Module._resolveFilename (module.js:325:15)
    at Function.Module._load (module.js:276:25)
    at Function.Module.runMain (module.js:441:10)
    at startup (node.js:140:18)
    at node.js:1043:3
module.js:327
    throw err;
    ^

Error: Cannot find module '/home/cliffhanger/bundle/main.js'
    at Function.Module._resolveFilename (module.js:325:15)
    at Function.Module._load (module.js:276:25)
    at Function.Module.runMain (module.js:441:10)
    at startup (node.js:140:18)
    at node.js:1043:3
module.js:327
    throw err;
    ^

Error: Cannot find module '/home/cliffhanger/bundle/main.js'
    at Function.Module._resolveFilename (module.js:325:15)
    at Function.Module._load (module.js:276:25)
    at Function.Module.runMain (module.js:441:10)
    at startup (node.js:140:18)
    at node.js:1043:3
